<?xml version="1.0" encoding="UTF-8"?>
<testng-results ignored="0" total="1" passed="1" failed="0" skipped="0">
  <reporter-output>
  </reporter-output>
  <suite started-at="2024-11-25T11:46:30 BDT" name="Default suite" finished-at="2024-11-25T11:48:00 BDT" duration-ms="89398">
    <groups>
    </groups>
    <test started-at="2024-11-25T11:46:30 BDT" name="Default test" finished-at="2024-11-25T11:48:00 BDT" duration-ms="89398">
      <class name="daraz.Producsearch">
        <test-method is-config="true" signature="setup()[pri:0, instance:daraz.Producsearch@4efac082]" started-at="2024-11-25T11:46:30 BDT" name="setup" finished-at="2024-11-25T11:47:00 BDT" duration-ms="29905" status="PASS">
          <reporter-output>
          </reporter-output>
        </test-method> <!-- setup -->
        <test-method signature="productsearch()[pri:0, instance:daraz.Producsearch@4efac082]" started-at="2024-11-25T11:47:00 BDT" name="productsearch" finished-at="2024-11-25T11:48:00 BDT" duration-ms="59398" status="PASS">
          <reporter-output>
          </reporter-output>
        </test-method> <!-- productsearch -->
      </class> <!-- daraz.Producsearch -->
    </test> <!-- Default test -->
  </suite> <!-- Default suite -->
</testng-results>
